<?xml version="1.0" encoding="UTF-8"?>
<!-- Generated by org.testng.reporters.JUnitReportReporter -->
<testsuite hostname="DESKTOP-G73P78Q" name="Runner.TestRunner" tests="1" failures="0" timestamp="19 Feb 2017 17:18:40 GMT" time="77.149" errors="0">
  <testcase name="run_cukes" time="77.149" classname="Runner.TestRunner"/>
</testsuite> <!-- Runner.TestRunner -->
